2021-04-28 10:45:19.175 INFO  fun.zyjk.spring_security.SpringSecurityApplication Line:55  - Starting SpringSecurityApplication on LAPTOP-CRS8KHQ7 with PID 9692 (C:\WorkSpace\gengzi_spring_security\target\classes started by yangmozero in C:\WorkSpace\gengzi_spring_security)
2021-04-28 10:45:19.180 INFO  fun.zyjk.spring_security.SpringSecurityApplication Line:655 - The following profiles are active: dev
2021-04-28 10:45:19.361 INFO  org.springframework.boot.devtools.env.DevToolsPropertyDefaultsPostProcessor Line:225 - Devtools property defaults active! Set 'spring.devtools.add-properties' to 'false' to disable
2021-04-28 10:45:19.362 INFO  org.springframework.boot.devtools.env.DevToolsPropertyDefaultsPostProcessor Line:225 - For additional web related logging consider setting the 'logging.level.web' property to 'DEBUG'
2021-04-28 10:45:22.403 INFO  org.springframework.data.repository.config.RepositoryConfigurationDelegate Line:249 - Multiple Spring Data modules found, entering strict repository configuration mode!
2021-04-28 10:45:22.406 INFO  org.springframework.data.repository.config.RepositoryConfigurationDelegate Line:127 - Bootstrapping Spring Data JDBC repositories in DEFAULT mode.
2021-04-28 10:45:22.634 INFO  org.springframework.data.repository.config.RepositoryConfigurationExtensionSupport Line:348 - Spring Data JDBC - Could not safely identify store assignment for repository candidate interface fun.zyjk.spring_security.sys.dao.OtherSysUserDao. If you want this repository to be a JDBC repository, consider annotating your entities with one of these annotations: org.springframework.data.relational.core.mapping.Table.
2021-04-28 10:45:22.639 INFO  org.springframework.data.repository.config.RepositoryConfigurationExtensionSupport Line:348 - Spring Data JDBC - Could not safely identify store assignment for repository candidate interface fun.zyjk.spring_security.sys.dao.RolePermissionDao. If you want this repository to be a JDBC repository, consider annotating your entities with one of these annotations: org.springframework.data.relational.core.mapping.Table.
2021-04-28 10:45:22.645 INFO  org.springframework.data.repository.config.RepositoryConfigurationExtensionSupport Line:348 - Spring Data JDBC - Could not safely identify store assignment for repository candidate interface fun.zyjk.spring_security.sys.dao.SysPermissionDao. If you want this repository to be a JDBC repository, consider annotating your entities with one of these annotations: org.springframework.data.relational.core.mapping.Table.
2021-04-28 10:45:22.651 INFO  org.springframework.data.repository.config.RepositoryConfigurationExtensionSupport Line:348 - Spring Data JDBC - Could not safely identify store assignment for repository candidate interface fun.zyjk.spring_security.sys.dao.SysRoleDao. If you want this repository to be a JDBC repository, consider annotating your entities with one of these annotations: org.springframework.data.relational.core.mapping.Table.
2021-04-28 10:45:22.658 INFO  org.springframework.data.repository.config.RepositoryConfigurationExtensionSupport Line:348 - Spring Data JDBC - Could not safely identify store assignment for repository candidate interface fun.zyjk.spring_security.sys.dao.SysUsersDao. If you want this repository to be a JDBC repository, consider annotating your entities with one of these annotations: org.springframework.data.relational.core.mapping.Table.
2021-04-28 10:45:22.663 INFO  org.springframework.data.repository.config.RepositoryConfigurationExtensionSupport Line:348 - Spring Data JDBC - Could not safely identify store assignment for repository candidate interface fun.zyjk.spring_security.sys.dao.UserRoleDao. If you want this repository to be a JDBC repository, consider annotating your entities with one of these annotations: org.springframework.data.relational.core.mapping.Table.
2021-04-28 10:45:22.666 INFO  org.springframework.data.repository.config.RepositoryConfigurationDelegate Line:187 - Finished Spring Data repository scanning in 243ms. Found 0 JDBC repository interfaces.
2021-04-28 10:45:22.698 INFO  org.springframework.data.repository.config.RepositoryConfigurationDelegate Line:249 - Multiple Spring Data modules found, entering strict repository configuration mode!
2021-04-28 10:45:22.698 INFO  org.springframework.data.repository.config.RepositoryConfigurationDelegate Line:127 - Bootstrapping Spring Data JPA repositories in DEFAULT mode.
2021-04-28 10:45:22.977 INFO  org.springframework.data.repository.config.RepositoryConfigurationDelegate Line:187 - Finished Spring Data repository scanning in 262ms. Found 6 JPA repository interfaces.
2021-04-28 10:45:23.006 INFO  org.springframework.data.repository.config.RepositoryConfigurationDelegate Line:249 - Multiple Spring Data modules found, entering strict repository configuration mode!
2021-04-28 10:45:23.009 INFO  org.springframework.data.repository.config.RepositoryConfigurationDelegate Line:127 - Bootstrapping Spring Data Redis repositories in DEFAULT mode.
2021-04-28 10:45:23.072 INFO  org.springframework.data.repository.config.RepositoryConfigurationExtensionSupport Line:348 - Spring Data Redis - Could not safely identify store assignment for repository candidate interface fun.zyjk.spring_security.sys.dao.OtherSysUserDao. If you want this repository to be a Redis repository, consider annotating your entities with one of these annotations: org.springframework.data.redis.core.RedisHash (preferred), or consider extending one of the following types with your repository: org.springframework.data.keyvalue.repository.KeyValueRepository.
2021-04-28 10:45:23.073 INFO  org.springframework.data.repository.config.RepositoryConfigurationExtensionSupport Line:348 - Spring Data Redis - Could not safely identify store assignment for repository candidate interface fun.zyjk.spring_security.sys.dao.RolePermissionDao. If you want this repository to be a Redis repository, consider annotating your entities with one of these annotations: org.springframework.data.redis.core.RedisHash (preferred), or consider extending one of the following types with your repository: org.springframework.data.keyvalue.repository.KeyValueRepository.
2021-04-28 10:45:23.074 INFO  org.springframework.data.repository.config.RepositoryConfigurationExtensionSupport Line:348 - Spring Data Redis - Could not safely identify store assignment for repository candidate interface fun.zyjk.spring_security.sys.dao.SysPermissionDao. If you want this repository to be a Redis repository, consider annotating your entities with one of these annotations: org.springframework.data.redis.core.RedisHash (preferred), or consider extending one of the following types with your repository: org.springframework.data.keyvalue.repository.KeyValueRepository.
2021-04-28 10:45:23.075 INFO  org.springframework.data.repository.config.RepositoryConfigurationExtensionSupport Line:348 - Spring Data Redis - Could not safely identify store assignment for repository candidate interface fun.zyjk.spring_security.sys.dao.SysRoleDao. If you want this repository to be a Redis repository, consider annotating your entities with one of these annotations: org.springframework.data.redis.core.RedisHash (preferred), or consider extending one of the following types with your repository: org.springframework.data.keyvalue.repository.KeyValueRepository.
2021-04-28 10:45:23.076 INFO  org.springframework.data.repository.config.RepositoryConfigurationExtensionSupport Line:348 - Spring Data Redis - Could not safely identify store assignment for repository candidate interface fun.zyjk.spring_security.sys.dao.SysUsersDao. If you want this repository to be a Redis repository, consider annotating your entities with one of these annotations: org.springframework.data.redis.core.RedisHash (preferred), or consider extending one of the following types with your repository: org.springframework.data.keyvalue.repository.KeyValueRepository.
2021-04-28 10:45:23.077 INFO  org.springframework.data.repository.config.RepositoryConfigurationExtensionSupport Line:348 - Spring Data Redis - Could not safely identify store assignment for repository candidate interface fun.zyjk.spring_security.sys.dao.UserRoleDao. If you want this repository to be a Redis repository, consider annotating your entities with one of these annotations: org.springframework.data.redis.core.RedisHash (preferred), or consider extending one of the following types with your repository: org.springframework.data.keyvalue.repository.KeyValueRepository.
2021-04-28 10:45:23.077 INFO  org.springframework.data.repository.config.RepositoryConfigurationDelegate Line:187 - Finished Spring Data repository scanning in 52ms. Found 0 Redis repository interfaces.
2021-04-28 10:45:24.289 INFO  org.springframework.context.support.PostProcessorRegistrationDelegate$BeanPostProcessorChecker Line:335 - Bean 'org.springframework.security.access.expression.method.DefaultMethodSecurityExpressionHandler@55ad49b0' of type [org.springframework.security.oauth2.provider.expression.OAuth2MethodSecurityExpressionHandler] is not eligible for getting processed by all BeanPostProcessors (for example: not eligible for auto-proxying)
2021-04-28 10:45:24.305 INFO  org.springframework.context.support.PostProcessorRegistrationDelegate$BeanPostProcessorChecker Line:335 - Bean 'methodSecurityMetadataSource' of type [org.springframework.security.access.method.DelegatingMethodSecurityMetadataSource] is not eligible for getting processed by all BeanPostProcessors (for example: not eligible for auto-proxying)
2021-04-28 10:45:25.402 INFO  org.springframework.boot.web.embedded.tomcat.TomcatWebServer Line:91  - Tomcat initialized with port(s): 8081 (http)
2021-04-28 10:45:25.419 INFO  org.apache.coyote.http11.Http11NioProtocol Line:173 - Initializing ProtocolHandler ["http-nio-8081"]
2021-04-28 10:45:25.420 INFO  org.apache.catalina.core.StandardService Line:173 - Starting service [Tomcat]
2021-04-28 10:45:25.421 INFO  org.apache.catalina.core.StandardEngine Line:173 - Starting Servlet engine: [Apache Tomcat/9.0.34]
2021-04-28 10:45:25.668 INFO  org.apache.catalina.core.ContainerBase.[Tomcat].[localhost].[/] Line:173 - Initializing Spring embedded WebApplicationContext
2021-04-28 10:45:25.668 INFO  org.springframework.web.context.ContextLoader Line:284 - Root WebApplicationContext: initialization completed in 6305 ms
2021-04-28 10:45:26.211 INFO  org.redisson.Version Line:41  - Redisson 3.13.6
2021-04-28 10:45:27.202 INFO  org.redisson.connection.pool.MasterPubSubConnectionPool Line:167 - 1 connections initialized for /127.0.0.1:6379
2021-04-28 10:45:27.227 INFO  org.redisson.connection.pool.MasterConnectionPool Line:167 - 24 connections initialized for /127.0.0.1:6379
2021-04-28 10:45:27.494 INFO  com.alibaba.druid.spring.boot.autoconfigure.DruidDataSourceAutoConfigure Line:56  - Init DruidDataSource
2021-04-28 10:45:27.702 INFO  com.alibaba.druid.pool.DruidDataSource Line:930 - {dataSource-1} inited
2021-04-28 10:45:28.062 INFO  org.hibernate.jpa.internal.util.LogHelper Line:31  - HHH000204: Processing PersistenceUnitInfo [name: default]
2021-04-28 10:45:28.131 INFO  org.hibernate.Version Line:44  - HHH000412: Hibernate ORM core version 5.4.15.Final
2021-04-28 10:45:28.305 INFO  org.hibernate.annotations.common.Version Line:49  - HCANN000001: Hibernate Commons Annotations {5.1.0.Final}
2021-04-28 10:45:29.218 INFO  org.hibernate.dialect.Dialect Line:172 - HHH000400: Using dialect: org.hibernate.dialect.MySQL5Dialect
2021-04-28 10:45:30.037 INFO  org.hibernate.engine.transaction.jta.platform.internal.JtaPlatformInitiator Line:52  - HHH000490: Using JtaPlatform implementation: [org.hibernate.engine.transaction.jta.platform.internal.NoJtaPlatform]
2021-04-28 10:45:30.048 INFO  org.springframework.orm.jpa.LocalContainerEntityManagerFactoryBean Line:416 - Initialized JPA EntityManagerFactory for persistence unit 'default'
2021-04-28 10:45:31.107 INFO  org.springframework.boot.actuate.endpoint.web.EndpointLinksResolver Line:58  - Exposing 2 endpoint(s) beneath base path '/actuator'
2021-04-28 10:45:31.447 INFO  org.springframework.security.web.DefaultSecurityFilterChain Line:43  - Creating filter chain: Ant [pattern='/**', OPTIONS], []
2021-04-28 10:45:31.509 INFO  org.springframework.security.web.DefaultSecurityFilterChain Line:43  - Creating filter chain: any request, [org.springframework.security.web.context.request.async.WebAsyncManagerIntegrationFilter@8f158b2, org.springframework.security.web.context.SecurityContextPersistenceFilter@cddb2f6, org.springframework.security.web.header.HeaderWriterFilter@7425048d, org.springframework.security.web.authentication.logout.LogoutFilter@288a3213, fun.zyjk.spring_security.filter.ValidateCodeFilter@730dbae8, fun.zyjk.spring_security.filter.OtherSysOauth2LoginFilter@1c5c41e5, fun.zyjk.spring_security.filter.UserBindFilter@765220e7, org.springframework.security.web.authentication.UsernamePasswordAuthenticationFilter@248bfd8b, org.springframework.security.web.session.ConcurrentSessionFilter@461c8f05, org.springframework.security.web.savedrequest.RequestCacheAwareFilter@19b4e891, org.springframework.security.web.servletapi.SecurityContextHolderAwareRequestFilter@5b1fdf06, org.springframework.security.web.authentication.AnonymousAuthenticationFilter@d4eec03, org.springframework.security.web.session.SessionManagementFilter@3657a167, org.springframework.security.web.access.ExceptionTranslationFilter@4d8032ba, org.springframework.security.web.access.intercept.FilterSecurityInterceptor@49946e1f]
2021-04-28 10:45:31.526 INFO  springfox.documentation.spring.web.PropertySourcedRequestMappingHandlerMapping Line:69  - Mapped URL path [/v2/api-docs] onto method [springfox.documentation.swagger2.web.Swagger2Controller#getDocumentation(String, HttpServletRequest)]
2021-04-28 10:45:31.726 INFO  org.springframework.scheduling.concurrent.ThreadPoolTaskExecutor Line:181 - Initializing ExecutorService 'applicationTaskExecutor'
2021-04-28 10:45:31.794 INFO  org.springframework.boot.devtools.autoconfigure.OptionalLiveReloadServer Line:58  - LiveReload server is running on port 35729
2021-04-28 10:45:32.388 INFO  springfox.documentation.spring.web.plugins.DocumentationPluginsBootstrapper Line:160 - Context refreshed
2021-04-28 10:45:32.413 INFO  springfox.documentation.spring.web.plugins.DocumentationPluginsBootstrapper Line:163 - Found 1 custom documentation plugin(s)
2021-04-28 10:45:32.446 INFO  springfox.documentation.spring.web.scanners.ApiListingReferenceScanner Line:41  - Scanning for api listing references
2021-04-28 10:45:32.482 INFO  org.springframework.scheduling.annotation.ScheduledAnnotationBeanPostProcessor Line:297 - No TaskScheduler/ScheduledExecutorService bean found for scheduled processing
2021-04-28 10:45:32.492 INFO  org.apache.coyote.http11.Http11NioProtocol Line:173 - Starting ProtocolHandler ["http-nio-8081"]
2021-04-28 10:45:32.508 INFO  org.springframework.boot.web.embedded.tomcat.TomcatWebServer Line:203 - Tomcat started on port(s): 8081 (http) with context path ''
2021-04-28 10:45:32.511 INFO  fun.zyjk.spring_security.SpringSecurityApplication Line:61  - Started SpringSecurityApplication in 14.307 seconds (JVM running for 17.934)
2021-04-28 10:45:32.764 INFO  org.apache.catalina.core.ContainerBase.[Tomcat].[localhost].[/] Line:173 - Initializing Spring DispatcherServlet 'dispatcherServlet'
2021-04-28 10:45:32.765 INFO  org.springframework.web.servlet.DispatcherServlet Line:525 - Initializing Servlet 'dispatcherServlet'
2021-04-28 10:45:32.789 INFO  org.springframework.web.servlet.DispatcherServlet Line:547 - Completed initialization in 24 ms
2021-04-28 10:45:53.567 INFO  fun.zyjk.spring_security.sys.controller.CaptchaController Line:44  - verificationCode:0f6l
2021-04-28 10:46:04.636 INFO  fun.zyjk.spring_security.sys.controller.CaptchaController Line:44  - verificationCode:bqzv
2021-04-28 10:46:38.811 INFO  org.springframework.scheduling.concurrent.ThreadPoolTaskExecutor Line:218 - Shutting down ExecutorService 'applicationTaskExecutor'
2021-04-28 10:46:38.815 INFO  org.springframework.orm.jpa.LocalContainerEntityManagerFactoryBean Line:598 - Closing JPA EntityManagerFactory for persistence unit 'default'
2021-04-28 10:46:38.820 INFO  com.alibaba.druid.pool.DruidDataSource Line:1825 - {dataSource-1} closed
2021-04-28 10:48:14.365 INFO  fun.zyjk.spring_security.SpringSecurityApplication Line:55  - Starting SpringSecurityApplication on LAPTOP-CRS8KHQ7 with PID 4384 (C:\WorkSpace\spring_security\target\classes started by yangmozero in C:\WorkSpace\spring_security)
2021-04-28 10:48:14.371 INFO  fun.zyjk.spring_security.SpringSecurityApplication Line:655 - The following profiles are active: dev
2021-04-28 10:48:14.495 INFO  org.springframework.boot.devtools.env.DevToolsPropertyDefaultsPostProcessor Line:225 - Devtools property defaults active! Set 'spring.devtools.add-properties' to 'false' to disable
2021-04-28 10:48:14.496 INFO  org.springframework.boot.devtools.env.DevToolsPropertyDefaultsPostProcessor Line:225 - For additional web related logging consider setting the 'logging.level.web' property to 'DEBUG'
2021-04-28 10:48:16.440 INFO  org.springframework.data.repository.config.RepositoryConfigurationDelegate Line:249 - Multiple Spring Data modules found, entering strict repository configuration mode!
2021-04-28 10:48:16.442 INFO  org.springframework.data.repository.config.RepositoryConfigurationDelegate Line:127 - Bootstrapping Spring Data JDBC repositories in DEFAULT mode.
2021-04-28 10:48:16.518 INFO  org.springframework.data.repository.config.RepositoryConfigurationExtensionSupport Line:348 - Spring Data JDBC - Could not safely identify store assignment for repository candidate interface fun.zyjk.spring_security.sys.dao.OtherSysUserDao. If you want this repository to be a JDBC repository, consider annotating your entities with one of these annotations: org.springframework.data.relational.core.mapping.Table.
2021-04-28 10:48:16.520 INFO  org.springframework.data.repository.config.RepositoryConfigurationExtensionSupport Line:348 - Spring Data JDBC - Could not safely identify store assignment for repository candidate interface fun.zyjk.spring_security.sys.dao.RolePermissionDao. If you want this repository to be a JDBC repository, consider annotating your entities with one of these annotations: org.springframework.data.relational.core.mapping.Table.
2021-04-28 10:48:16.522 INFO  org.springframework.data.repository.config.RepositoryConfigurationExtensionSupport Line:348 - Spring Data JDBC - Could not safely identify store assignment for repository candidate interface fun.zyjk.spring_security.sys.dao.SysPermissionDao. If you want this repository to be a JDBC repository, consider annotating your entities with one of these annotations: org.springframework.data.relational.core.mapping.Table.
2021-04-28 10:48:16.523 INFO  org.springframework.data.repository.config.RepositoryConfigurationExtensionSupport Line:348 - Spring Data JDBC - Could not safely identify store assignment for repository candidate interface fun.zyjk.spring_security.sys.dao.SysRoleDao. If you want this repository to be a JDBC repository, consider annotating your entities with one of these annotations: org.springframework.data.relational.core.mapping.Table.
2021-04-28 10:48:16.525 INFO  org.springframework.data.repository.config.RepositoryConfigurationExtensionSupport Line:348 - Spring Data JDBC - Could not safely identify store assignment for repository candidate interface fun.zyjk.spring_security.sys.dao.SysUsersDao. If you want this repository to be a JDBC repository, consider annotating your entities with one of these annotations: org.springframework.data.relational.core.mapping.Table.
2021-04-28 10:48:16.527 INFO  org.springframework.data.repository.config.RepositoryConfigurationExtensionSupport Line:348 - Spring Data JDBC - Could not safely identify store assignment for repository candidate interface fun.zyjk.spring_security.sys.dao.UserRoleDao. If you want this repository to be a JDBC repository, consider annotating your entities with one of these annotations: org.springframework.data.relational.core.mapping.Table.
2021-04-28 10:48:16.527 INFO  org.springframework.data.repository.config.RepositoryConfigurationDelegate Line:187 - Finished Spring Data repository scanning in 80ms. Found 0 JDBC repository interfaces.
2021-04-28 10:48:16.537 INFO  org.springframework.data.repository.config.RepositoryConfigurationDelegate Line:249 - Multiple Spring Data modules found, entering strict repository configuration mode!
2021-04-28 10:48:16.537 INFO  org.springframework.data.repository.config.RepositoryConfigurationDelegate Line:127 - Bootstrapping Spring Data JPA repositories in DEFAULT mode.
2021-04-28 10:48:16.635 INFO  org.springframework.data.repository.config.RepositoryConfigurationDelegate Line:187 - Finished Spring Data repository scanning in 92ms. Found 6 JPA repository interfaces.
2021-04-28 10:48:16.649 INFO  org.springframework.data.repository.config.RepositoryConfigurationDelegate Line:249 - Multiple Spring Data modules found, entering strict repository configuration mode!
2021-04-28 10:48:16.650 INFO  org.springframework.data.repository.config.RepositoryConfigurationDelegate Line:127 - Bootstrapping Spring Data Redis repositories in DEFAULT mode.
2021-04-28 10:48:16.684 INFO  org.springframework.data.repository.config.RepositoryConfigurationExtensionSupport Line:348 - Spring Data Redis - Could not safely identify store assignment for repository candidate interface fun.zyjk.spring_security.sys.dao.OtherSysUserDao. If you want this repository to be a Redis repository, consider annotating your entities with one of these annotations: org.springframework.data.redis.core.RedisHash (preferred), or consider extending one of the following types with your repository: org.springframework.data.keyvalue.repository.KeyValueRepository.
2021-04-28 10:48:16.685 INFO  org.springframework.data.repository.config.RepositoryConfigurationExtensionSupport Line:348 - Spring Data Redis - Could not safely identify store assignment for repository candidate interface fun.zyjk.spring_security.sys.dao.RolePermissionDao. If you want this repository to be a Redis repository, consider annotating your entities with one of these annotations: org.springframework.data.redis.core.RedisHash (preferred), or consider extending one of the following types with your repository: org.springframework.data.keyvalue.repository.KeyValueRepository.
2021-04-28 10:48:16.685 INFO  org.springframework.data.repository.config.RepositoryConfigurationExtensionSupport Line:348 - Spring Data Redis - Could not safely identify store assignment for repository candidate interface fun.zyjk.spring_security.sys.dao.SysPermissionDao. If you want this repository to be a Redis repository, consider annotating your entities with one of these annotations: org.springframework.data.redis.core.RedisHash (preferred), or consider extending one of the following types with your repository: org.springframework.data.keyvalue.repository.KeyValueRepository.
2021-04-28 10:48:16.686 INFO  org.springframework.data.repository.config.RepositoryConfigurationExtensionSupport Line:348 - Spring Data Redis - Could not safely identify store assignment for repository candidate interface fun.zyjk.spring_security.sys.dao.SysRoleDao. If you want this repository to be a Redis repository, consider annotating your entities with one of these annotations: org.springframework.data.redis.core.RedisHash (preferred), or consider extending one of the following types with your repository: org.springframework.data.keyvalue.repository.KeyValueRepository.
2021-04-28 10:48:16.686 INFO  org.springframework.data.repository.config.RepositoryConfigurationExtensionSupport Line:348 - Spring Data Redis - Could not safely identify store assignment for repository candidate interface fun.zyjk.spring_security.sys.dao.SysUsersDao. If you want this repository to be a Redis repository, consider annotating your entities with one of these annotations: org.springframework.data.redis.core.RedisHash (preferred), or consider extending one of the following types with your repository: org.springframework.data.keyvalue.repository.KeyValueRepository.
2021-04-28 10:48:16.687 INFO  org.springframework.data.repository.config.RepositoryConfigurationExtensionSupport Line:348 - Spring Data Redis - Could not safely identify store assignment for repository candidate interface fun.zyjk.spring_security.sys.dao.UserRoleDao. If you want this repository to be a Redis repository, consider annotating your entities with one of these annotations: org.springframework.data.redis.core.RedisHash (preferred), or consider extending one of the following types with your repository: org.springframework.data.keyvalue.repository.KeyValueRepository.
2021-04-28 10:48:16.687 INFO  org.springframework.data.repository.config.RepositoryConfigurationDelegate Line:187 - Finished Spring Data repository scanning in 29ms. Found 0 Redis repository interfaces.
2021-04-28 10:48:17.234 INFO  org.springframework.context.support.PostProcessorRegistrationDelegate$BeanPostProcessorChecker Line:335 - Bean 'org.springframework.security.access.expression.method.DefaultMethodSecurityExpressionHandler@53926f7a' of type [org.springframework.security.oauth2.provider.expression.OAuth2MethodSecurityExpressionHandler] is not eligible for getting processed by all BeanPostProcessors (for example: not eligible for auto-proxying)
2021-04-28 10:48:17.241 INFO  org.springframework.context.support.PostProcessorRegistrationDelegate$BeanPostProcessorChecker Line:335 - Bean 'methodSecurityMetadataSource' of type [org.springframework.security.access.method.DelegatingMethodSecurityMetadataSource] is not eligible for getting processed by all BeanPostProcessors (for example: not eligible for auto-proxying)
2021-04-28 10:48:17.765 INFO  org.springframework.boot.web.embedded.tomcat.TomcatWebServer Line:91  - Tomcat initialized with port(s): 8081 (http)
2021-04-28 10:48:17.777 INFO  org.apache.coyote.http11.Http11NioProtocol Line:173 - Initializing ProtocolHandler ["http-nio-8081"]
2021-04-28 10:48:17.778 INFO  org.apache.catalina.core.StandardService Line:173 - Starting service [Tomcat]
2021-04-28 10:48:17.778 INFO  org.apache.catalina.core.StandardEngine Line:173 - Starting Servlet engine: [Apache Tomcat/9.0.34]
2021-04-28 10:48:17.964 INFO  org.apache.catalina.core.ContainerBase.[Tomcat].[localhost].[/] Line:173 - Initializing Spring embedded WebApplicationContext
2021-04-28 10:48:17.965 INFO  org.springframework.web.context.ContextLoader Line:284 - Root WebApplicationContext: initialization completed in 3469 ms
2021-04-28 10:48:18.438 INFO  org.redisson.Version Line:41  - Redisson 3.13.6
2021-04-28 10:48:19.367 INFO  org.redisson.connection.pool.MasterPubSubConnectionPool Line:167 - 1 connections initialized for /127.0.0.1:6379
2021-04-28 10:48:19.387 INFO  org.redisson.connection.pool.MasterConnectionPool Line:167 - 24 connections initialized for /127.0.0.1:6379
2021-04-28 10:48:19.643 INFO  com.alibaba.druid.spring.boot.autoconfigure.DruidDataSourceAutoConfigure Line:56  - Init DruidDataSource
2021-04-28 10:48:19.828 INFO  com.alibaba.druid.pool.DruidDataSource Line:930 - {dataSource-1} inited
2021-04-28 10:48:20.168 INFO  org.hibernate.jpa.internal.util.LogHelper Line:31  - HHH000204: Processing PersistenceUnitInfo [name: default]
2021-04-28 10:48:20.231 INFO  org.hibernate.Version Line:44  - HHH000412: Hibernate ORM core version 5.4.15.Final
2021-04-28 10:48:20.399 INFO  org.hibernate.annotations.common.Version Line:49  - HCANN000001: Hibernate Commons Annotations {5.1.0.Final}
2021-04-28 10:48:21.262 INFO  org.hibernate.dialect.Dialect Line:172 - HHH000400: Using dialect: org.hibernate.dialect.MySQL5Dialect
2021-04-28 10:48:22.107 INFO  org.hibernate.engine.transaction.jta.platform.internal.JtaPlatformInitiator Line:52  - HHH000490: Using JtaPlatform implementation: [org.hibernate.engine.transaction.jta.platform.internal.NoJtaPlatform]
2021-04-28 10:48:22.118 INFO  org.springframework.orm.jpa.LocalContainerEntityManagerFactoryBean Line:416 - Initialized JPA EntityManagerFactory for persistence unit 'default'
2021-04-28 10:48:23.249 INFO  org.springframework.boot.actuate.endpoint.web.EndpointLinksResolver Line:58  - Exposing 2 endpoint(s) beneath base path '/actuator'
2021-04-28 10:48:23.508 INFO  org.springframework.security.web.DefaultSecurityFilterChain Line:43  - Creating filter chain: Ant [pattern='/**', OPTIONS], []
2021-04-28 10:48:23.563 INFO  org.springframework.security.web.DefaultSecurityFilterChain Line:43  - Creating filter chain: any request, [org.springframework.security.web.context.request.async.WebAsyncManagerIntegrationFilter@484c8d26, org.springframework.security.web.context.SecurityContextPersistenceFilter@7b86d851, org.springframework.security.web.header.HeaderWriterFilter@59c8136d, org.springframework.security.web.authentication.logout.LogoutFilter@1b085d01, fun.zyjk.spring_security.filter.ValidateCodeFilter@3293c8c3, fun.zyjk.spring_security.filter.OtherSysOauth2LoginFilter@723d593d, fun.zyjk.spring_security.filter.UserBindFilter@33e6601d, org.springframework.security.web.authentication.UsernamePasswordAuthenticationFilter@5da081e9, org.springframework.security.web.session.ConcurrentSessionFilter@6d36f4f8, org.springframework.security.web.savedrequest.RequestCacheAwareFilter@6a4ef9f1, org.springframework.security.web.servletapi.SecurityContextHolderAwareRequestFilter@2573454c, org.springframework.security.web.authentication.AnonymousAuthenticationFilter@6a901041, org.springframework.security.web.session.SessionManagementFilter@72316857, org.springframework.security.web.access.ExceptionTranslationFilter@3b637f6d, org.springframework.security.web.access.intercept.FilterSecurityInterceptor@62f46dda]
2021-04-28 10:48:23.578 INFO  springfox.documentation.spring.web.PropertySourcedRequestMappingHandlerMapping Line:69  - Mapped URL path [/v2/api-docs] onto method [springfox.documentation.swagger2.web.Swagger2Controller#getDocumentation(String, HttpServletRequest)]
2021-04-28 10:48:23.740 INFO  org.springframework.scheduling.concurrent.ThreadPoolTaskExecutor Line:181 - Initializing ExecutorService 'applicationTaskExecutor'
2021-04-28 10:48:23.799 INFO  org.springframework.boot.devtools.autoconfigure.OptionalLiveReloadServer Line:58  - LiveReload server is running on port 35729
2021-04-28 10:48:24.346 INFO  springfox.documentation.spring.web.plugins.DocumentationPluginsBootstrapper Line:160 - Context refreshed
2021-04-28 10:48:24.369 INFO  springfox.documentation.spring.web.plugins.DocumentationPluginsBootstrapper Line:163 - Found 1 custom documentation plugin(s)
2021-04-28 10:48:24.404 INFO  springfox.documentation.spring.web.scanners.ApiListingReferenceScanner Line:41  - Scanning for api listing references
2021-04-28 10:48:24.474 INFO  org.springframework.scheduling.annotation.ScheduledAnnotationBeanPostProcessor Line:297 - No TaskScheduler/ScheduledExecutorService bean found for scheduled processing
2021-04-28 10:48:24.485 INFO  org.apache.coyote.http11.Http11NioProtocol Line:173 - Starting ProtocolHandler ["http-nio-8081"]
2021-04-28 10:48:24.502 INFO  org.springframework.boot.web.embedded.tomcat.TomcatWebServer Line:203 - Tomcat started on port(s): 8081 (http) with context path ''
2021-04-28 10:48:24.505 INFO  fun.zyjk.spring_security.SpringSecurityApplication Line:61  - Started SpringSecurityApplication in 10.779 seconds (JVM running for 13.445)
2021-04-28 10:48:24.594 INFO  org.apache.catalina.core.ContainerBase.[Tomcat].[localhost].[/] Line:173 - Initializing Spring DispatcherServlet 'dispatcherServlet'
2021-04-28 10:48:24.595 INFO  org.springframework.web.servlet.DispatcherServlet Line:525 - Initializing Servlet 'dispatcherServlet'
2021-04-28 10:48:24.611 INFO  org.springframework.web.servlet.DispatcherServlet Line:547 - Completed initialization in 16 ms
2021-04-28 10:48:50.299 INFO  fun.zyjk.spring_security.sys.controller.CaptchaController Line:44  - 验证码:tyvc
